<?xml version="1.0" encoding="UTF-8"?>
<testng-results ignored="1" total="6" passed="5" failed="0" skipped="0">
  <reporter-output>
  </reporter-output>
  <suite started-at="2020-02-17T01:44:25Z" name="Suite" finished-at="2020-02-17T01:44:46Z" duration-ms="20811">
    <groups>
    </groups>
    <test started-at="2020-02-17T01:44:25Z" name="Test" finished-at="2020-02-17T01:44:46Z" duration-ms="20811">
      <class name="com.qa.orangehrm.tests.CreateUserAdminTest">
        <test-method is-config="true" signature="setUp()[pri:0, instance:com.qa.orangehrm.tests.CreateUserAdminTest@a1cdc6d]" started-at="2020-02-17T01:44:30Z" name="setUp" finished-at="2020-02-17T01:44:33Z" duration-ms="3210" status="PASS">
          <reporter-output>
          </reporter-output>
        </test-method> <!-- setUp -->
        <test-method signature="verifyPage()[pri:0, instance:com.qa.orangehrm.tests.CreateUserAdminTest@a1cdc6d]" started-at="2020-02-17T01:44:33Z" name="verifyPage" finished-at="2020-02-17T01:44:33Z" duration-ms="14" status="PASS">
          <reporter-output>
          </reporter-output>
        </test-method> <!-- verifyPage -->
        <test-method is-config="true" signature="tearDownReport(org.testng.ITestResult)[pri:0, instance:com.qa.orangehrm.tests.CreateUserAdminTest@a1cdc6d]" started-at="2020-02-17T01:44:33Z" name="tearDownReport" finished-at="2020-02-17T01:44:33Z" duration-ms="172" status="PASS">
          <params>
            <param index="0">
              <value>
                <![CDATA[[TestResult name=verifyPage status=SUCCESS method=CreateUserAdminTest.verifyPage()[pri:0, instance:com.qa.orangehrm.tests.CreateUserAdminTest@a1cdc6d] output={null}]]]>
              </value>
            </param>
          </params>
          <reporter-output>
          </reporter-output>
        </test-method> <!-- tearDownReport -->
        <test-method signature="loginToApplication()[pri:1, instance:com.qa.orangehrm.tests.CreateUserAdminTest@a1cdc6d]" started-at="2020-02-17T01:44:38Z" name="loginToApplication" finished-at="2020-02-17T01:44:41Z" depends-on-methods="com.qa.orangehrm.tests.CreateUserAdminTest.verifyPage" duration-ms="3019" status="PASS">
          <reporter-output>
          </reporter-output>
        </test-method> <!-- loginToApplication -->
        <test-method is-config="true" signature="tearDownReport(org.testng.ITestResult)[pri:0, instance:com.qa.orangehrm.tests.CreateUserAdminTest@a1cdc6d]" started-at="2020-02-17T01:44:41Z" name="tearDownReport" finished-at="2020-02-17T01:44:41Z" duration-ms="115" status="PASS">
          <params>
            <param index="0">
              <value>
                <![CDATA[[TestResult name=loginToApplication status=SUCCESS method=CreateUserAdminTest.loginToApplication()[pri:1, instance:com.qa.orangehrm.tests.CreateUserAdminTest@a1cdc6d] output={null}]]]>
              </value>
            </param>
          </params>
          <reporter-output>
          </reporter-output>
        </test-method> <!-- tearDownReport -->
        <test-method signature="createUserFromAdminApplication()[pri:2, instance:com.qa.orangehrm.tests.CreateUserAdminTest@a1cdc6d]" started-at="2020-02-17T01:44:41Z" name="createUserFromAdminApplication" finished-at="2020-02-17T01:44:45Z" depends-on-methods="com.qa.orangehrm.tests.CreateUserAdminTest.loginToApplication" duration-ms="4300" status="PASS">
          <reporter-output>
          </reporter-output>
        </test-method> <!-- createUserFromAdminApplication -->
        <test-method is-config="true" signature="tearDownReport(org.testng.ITestResult)[pri:0, instance:com.qa.orangehrm.tests.CreateUserAdminTest@a1cdc6d]" started-at="2020-02-17T01:44:45Z" name="tearDownReport" finished-at="2020-02-17T01:44:45Z" duration-ms="75" status="PASS">
          <params>
            <param index="0">
              <value>
                <![CDATA[[TestResult name=createUserFromAdminApplication status=SUCCESS method=CreateUserAdminTest.createUserFromAdminApplication()[pri:2, instance:com.qa.orangehrm.tests.CreateUserAdminTest@a1cdc6d] output={null}]]]>
              </value>
            </param>
          </params>
          <reporter-output>
          </reporter-output>
        </test-method> <!-- tearDownReport -->
        <test-method is-config="true" signature="tearDown()[pri:0, instance:com.qa.orangehrm.tests.CreateUserAdminTest@a1cdc6d]" started-at="2020-02-17T01:44:45Z" name="tearDown" finished-at="2020-02-17T01:44:46Z" duration-ms="237" status="PASS">
          <reporter-output>
          </reporter-output>
        </test-method> <!-- tearDown -->
      </class> <!-- com.qa.orangehrm.tests.CreateUserAdminTest -->
      <class name="com.qa.orangehrm.tests.LoginScenarios">
        <test-method is-config="true" signature="setupReport()[pri:0, instance:com.qa.orangehrm.tests.LoginScenarios@623a8092]" started-at="2020-02-17T01:44:24Z" name="setupReport" finished-at="2020-02-17T01:44:25Z" duration-ms="314" status="PASS">
          <reporter-output>
          </reporter-output>
        </test-method> <!-- setupReport -->
        <test-method is-config="true" signature="setUp()[pri:0, instance:com.qa.orangehrm.tests.LoginScenarios@623a8092]" started-at="2020-02-17T01:44:25Z" name="setUp" finished-at="2020-02-17T01:44:29Z" duration-ms="4396" status="PASS">
          <reporter-output>
          </reporter-output>
        </test-method> <!-- setUp -->
        <test-method signature="verifyPage()[pri:0, instance:com.qa.orangehrm.tests.LoginScenarios@623a8092]" started-at="2020-02-17T01:44:29Z" name="verifyPage" finished-at="2020-02-17T01:44:29Z" duration-ms="49" status="PASS">
          <reporter-output>
          </reporter-output>
        </test-method> <!-- verifyPage -->
        <test-method is-config="true" signature="tearDownReport(org.testng.ITestResult)[pri:0, instance:com.qa.orangehrm.tests.LoginScenarios@623a8092]" started-at="2020-02-17T01:44:29Z" name="tearDownReport" finished-at="2020-02-17T01:44:30Z" duration-ms="580" status="PASS">
          <params>
            <param index="0">
              <value>
                <![CDATA[[TestResult name=verifyPage status=SUCCESS method=LoginScenarios.verifyPage()[pri:0, instance:com.qa.orangehrm.tests.LoginScenarios@623a8092] output={null}]]]>
              </value>
            </param>
          </params>
          <reporter-output>
          </reporter-output>
        </test-method> <!-- tearDownReport -->
        <test-method signature="loginToApplication()[pri:1, instance:com.qa.orangehrm.tests.LoginScenarios@623a8092]" started-at="2020-02-17T01:44:33Z" name="loginToApplication" finished-at="2020-02-17T01:44:38Z" depends-on-methods="com.qa.orangehrm.tests.LoginScenarios.verifyPage" duration-ms="4413" status="PASS">
          <reporter-output>
          </reporter-output>
        </test-method> <!-- loginToApplication -->
        <test-method is-config="true" signature="tearDownReport(org.testng.ITestResult)[pri:0, instance:com.qa.orangehrm.tests.LoginScenarios@623a8092]" started-at="2020-02-17T01:44:38Z" name="tearDownReport" finished-at="2020-02-17T01:44:38Z" duration-ms="83" status="PASS">
          <params>
            <param index="0">
              <value>
                <![CDATA[[TestResult name=loginToApplication status=SUCCESS method=LoginScenarios.loginToApplication()[pri:1, instance:com.qa.orangehrm.tests.LoginScenarios@623a8092] output={null}]]]>
              </value>
            </param>
          </params>
          <reporter-output>
          </reporter-output>
        </test-method> <!-- tearDownReport -->
        <test-method is-config="true" signature="tearDown()[pri:0, instance:com.qa.orangehrm.tests.LoginScenarios@623a8092]" started-at="2020-02-17T01:44:38Z" name="tearDown" finished-at="2020-02-17T01:44:38Z" duration-ms="108" status="PASS">
          <reporter-output>
          </reporter-output>
        </test-method> <!-- tearDown -->
      </class> <!-- com.qa.orangehrm.tests.LoginScenarios -->
    </test> <!-- Test -->
  </suite> <!-- Suite -->
</testng-results>
